# JRE version: Java(TM) SE Runtime Environment (8.0_181-b13) (build 1.8.0_181-b13)
# Java VM: Java HotSpot(TM) 64-Bit Server VM (25.181-b13 mixed mode bsd-amd64 compressed oops)
Heap:
 PSYoungGen      total 65024K, used 6172K [0x0000000795580000, 0x000000079ab80000, 0x00000007c0000000)
  eden space 59904K, 1% used [0x0000000795580000,0x000000079568b7f8,0x0000000799000000)
  from space 5120K, 99% used [0x0000000799b80000,0x000000079a07bad8,0x000000079a080000)
  to   space 11776K, 0% used [0x0000000799000000,0x0000000799000000,0x0000000799b80000)
 ParOldGen       total 87552K, used 37734K [0x0000000740000000, 0x0000000745580000, 0x0000000795580000)
  object space 87552K, 43% used [0x0000000740000000,0x00000007424d9bc8,0x0000000745580000)
 Metaspace       used 18501K, capacity 18972K, committed 19328K, reserved 1067008K
  class space    used 2235K, capacity 2362K, committed 2432K, reserved 1048576K
GC Heap History (10 events):
Event: 23740.639 GC heap before
{Heap before GC invocations=123 (full 60):
 PSYoungGen      total 71680K, used 4524K [0x0000000795580000, 0x000000079a080000, 0x00000007c0000000)
  eden space 66560K, 0% used [0x0000000795580000,0x0000000795580000,0x0000000799680000)
  from space 5120K, 88% used [0x0000000799680000,0x0000000799aeb278,0x0000000799b80000)
  to   space 5120K, 0% used [0x0000000799b80000,0x0000000799b80000,0x000000079a080000)
 ParOldGen       total 87552K, used 23723K [0x0000000740000000, 0x0000000745580000, 0x0000000795580000)
  object space 87552K, 27% used [0x0000000740000000,0x000000074172aeb8,0x0000000745580000)
 Metaspace       used 18436K, capacity 18896K, committed 19072K, reserved 1067008K
  class space    used 2233K, capacity 2360K, committed 2432K, reserved 1048576K
Event: 23740.671 GC heap after
Heap after GC invocations=123 (full 60):
 PSYoungGen      total 71680K, used 0K [0x0000000795580000, 0x000000079a080000, 0x00000007c0000000)
  eden space 66560K, 0% used [0x0000000795580000,0x0000000795580000,0x0000000799680000)
  from space 5120K, 0% used [0x0000000799680000,0x0000000799680000,0x0000000799b80000)
  to   space 5120K, 0% used [0x0000000799b80000,0x0000000799b80000,0x000000079a080000)
 ParOldGen       total 87552K, used 22492K [0x0000000740000000, 0x0000000745580000, 0x0000000795580000)
  object space 87552K, 25% used [0x0000000740000000,0x00000007415f73b8,0x0000000745580000)
 Metaspace       used 18436K, capacity 18896K, committed 19072K, reserved 1067008K
  class space    used 2233K, capacity 2360K, committed 2432K, reserved 1048576K
}
Event: 23740.677 GC heap before
{Heap before GC invocations=124 (full 60):
 PSYoungGen      total 71680K, used 2318K [0x0000000795580000, 0x000000079a080000, 0x00000007c0000000)
  eden space 66560K, 3% used [0x0000000795580000,0x00000007957c3bf8,0x0000000799680000)
  from space 5120K, 0% used [0x0000000799680000,0x0000000799680000,0x0000000799b80000)
  to   space 5120K, 0% used [0x0000000799b80000,0x0000000799b80000,0x000000079a080000)
 ParOldGen       total 87552K, used 22492K [0x0000000740000000, 0x0000000745580000, 0x0000000795580000)
  object space 87552K, 25% used [0x0000000740000000,0x00000007415f73b8,0x0000000745580000)
 Metaspace       used 18436K, capacity 18896K, committed 19072K, reserved 1067008K
  class space    used 2233K, capacity 2360K, committed 2432K, reserved 1048576K
Event: 23740.679 GC heap after
Heap after GC invocations=124 (full 60):
 PSYoungGen      total 71680K, used 1344K [0x0000000795580000, 0x000000079a080000, 0x00000007c0000000)
  eden space 66560K, 0% used [0x0000000795580000,0x0000000795580000,0x0000000799680000)
  from space 5120K, 26% used [0x0000000799b80000,0x0000000799cd0010,0x000000079a080000)
  to   space 5120K, 0% used [0x0000000799680000,0x0000000799680000,0x0000000799b80000)
 ParOldGen       total 87552K, used 22492K [0x0000000740000000, 0x0000000745580000, 0x0000000795580000)
  object space 87552K, 25% used [0x0000000740000000,0x00000007415f73b8,0x0000000745580000)
 Metaspace       used 18436K, capacity 18896K, committed 19072K, reserved 1067008K
  class space    used 2233K, capacity 2360K, committed 2432K, reserved 1048576K
}
Event: 23740.679 GC heap before
{Heap before GC invocations=125 (full 61):
 PSYoungGen      total 71680K, used 1344K [0x0000000795580000, 0x000000079a080000, 0x00000007c0000000)
  eden space 66560K, 0% used [0x0000000795580000,0x0000000795580000,0x0000000799680000)
  from space 5120K, 26% used [0x0000000799b80000,0x0000000799cd0010,0x000000079a080000)
  to   space 5120K, 0% used [0x0000000799680000,0x0000000799680000,0x0000000799b80000)
 ParOldGen       total 87552K, used 22492K [0x0000000740000000, 0x0000000745580000, 0x0000000795580000)
  object space 87552K, 25% used [0x0000000740000000,0x00000007415f73b8,0x0000000745580000)
 Metaspace       used 18436K, capacity 18896K, committed 19072K, reserved 1067008K
  class space    used 2233K, capacity 2360K, committed 2432K, reserved 1048576K
Event: 23740.717 GC heap after
Heap after GC invocations=125 (full 61):
 PSYoungGen      total 71680K, used 0K [0x0000000795580000, 0x000000079a080000, 0x00000007c0000000)
  eden space 66560K, 0% used [0x0000000795580000,0x0000000795580000,0x0000000799680000)
  from space 5120K, 0% used [0x0000000799b80000,0x0000000799b80000,0x000000079a080000)
  to   space 5120K, 0% used [0x0000000799680000,0x0000000799680000,0x0000000799b80000)
 ParOldGen       total 87552K, used 23776K [0x0000000740000000, 0x0000000745580000, 0x0000000795580000)
  object space 87552K, 27% used [0x0000000740000000,0x0000000741738228,0x0000000745580000)
 Metaspace       used 18436K, capacity 18896K, committed 19072K, reserved 1067008K
  class space    used 2233K, capacity 2360K, committed 2432K, reserved 1048576K
}
Event: 60754.796 GC heap before
{Heap before GC invocations=126 (full 61):
 PSYoungGen      total 71680K, used 66269K [0x0000000795580000, 0x000000079a080000, 0x00000007c0000000)
  eden space 66560K, 99% used [0x0000000795580000,0x0000000799637528,0x0000000799680000)
  from space 5120K, 0% used [0x0000000799b80000,0x0000000799b80000,0x000000079a080000)
  to   space 5120K, 0% used [0x0000000799680000,0x0000000799680000,0x0000000799b80000)
 ParOldGen       total 87552K, used 23776K [0x0000000740000000, 0x0000000745580000, 0x0000000795580000)
  object space 87552K, 27% used [0x0000000740000000,0x0000000741738228,0x0000000745580000)
 Metaspace       used 18460K, capacity 18972K, committed 19328K, reserved 1067008K
  class space    used 2234K, capacity 2362K, committed 2432K, reserved 1048576K
Event: 60754.872 GC heap after
Heap after GC invocations=126 (full 61):
 PSYoungGen      total 71680K, used 2630K [0x0000000795580000, 0x000000079a080000, 0x00000007c0000000)
  eden space 66560K, 0% used [0x0000000795580000,0x0000000795580000,0x0000000799680000)
  from space 5120K, 51% used [0x0000000799680000,0x0000000799911b08,0x0000000799b80000)
  to   space 5120K, 0% used [0x0000000799b80000,0x0000000799b80000,0x000000079a080000)
 ParOldGen       total 87552K, used 23776K [0x0000000740000000, 0x0000000745580000, 0x0000000795580000)
  object space 87552K, 27% used [0x0000000740000000,0x0000000741738228,0x0000000745580000)
 Metaspace       used 18460K, capacity 18972K, committed 19328K, reserved 1067008K
  class space    used 2234K, capacity 2362K, committed 2432K, reserved 1048576K
}
Event: 253832.000 GC heap before
{Heap before GC invocations=127 (full 61):
 PSYoungGen      total 71680K, used 69190K [0x0000000795580000, 0x000000079a080000, 0x00000007c0000000)
  eden space 66560K, 100% used [0x0000000795580000,0x0000000799680000,0x0000000799680000)
  from space 5120K, 51% used [0x0000000799680000,0x0000000799911b08,0x0000000799b80000)
  to   space 5120K, 0% used [0x0000000799b80000,0x0000000799b80000,0x000000079a080000)
 ParOldGen       total 87552K, used 23776K [0x0000000740000000, 0x0000000745580000, 0x0000000795580000)
  object space 87552K, 27% used [0x0000000740000000,0x0000000741738228,0x0000000745580000)
 Metaspace       used 18501K, capacity 18972K, committed 19328K, reserved 1067008K
  class space    used 2235K, capacity 2362K, committed 2432K, reserved 1048576K
Event: 253832.491 GC heap after
Heap after GC invocations=127 (full 61):
 PSYoungGen      total 65024K, used 5102K [0x0000000795580000, 0x000000079ab80000, 0x00000007c0000000)
  eden space 59904K, 0% used [0x0000000795580000,0x0000000795580000,0x0000000799000000)
  from space 5120K, 99% used [0x0000000799b80000,0x000000079a07bad8,0x000000079a080000)
  to   space 11776K, 0% used [0x0000000799000000,0x0000000799000000,0x0000000799b80000)
 ParOldGen       total 87552K, used 37734K [0x0000000740000000, 0x0000000745580000, 0x0000000795580000)
  object space 87552K, 43% used [0x0000000740000000,0x00000007424d9bc8,0x0000000745580000)
 Metaspace       used 18501K, capacity 18972K, committed 19328K, reserved 1067008K
  class space    used 2235K, capacity 2362K, committed 2432K, reserved 1048576K
}

